<?xml version="1.0" encoding="UTF-8"?>
<!-- Generated by org.testng.reporters.JUnitReportReporter -->
<testsuite hostname="DESKTOP-AK8SRVS" name="online.TestPackage.LoginTest" tests="1" failures="0" timestamp="12 Jul 2020 15:59:21 GMT" time="1.806" errors="0">
  <testcase name="login" time="1.806" classname="online.TestPackage.LoginTest"/>
</testsuite> <!-- online.TestPackage.LoginTest -->
